<?xml version="1.0" encoding="UTF-8"?>
<!-- Generated by org.testng.reporters.JUnitReportReporter -->
<testsuite hostname="Matti-PC" failures="0" tests="2" name="testcases.AlertPageTest" time="17.905" errors="0" timestamp="24 Jun 2019 14:29:57 GMT" skipped="0">
  <testcase classname="testcases.AlertPageTest" name="testClickForJSConfirm" time="6.823"/>
  <testcase classname="testcases.AlertPageTest" name="testClickForJSAlert" time="11.082"/>
</testsuite> <!-- testcases.AlertPageTest -->
