<?xml version="1.0" encoding="UTF-8"?>
<!-- Generated by org.testng.reporters.JUnitReportReporter -->
<testsuite skipped="0" hostname="Matti-PC" name="testcases.LoginPageTest" tests="2" failures="0" timestamp="10 May 2019 16:34:09 GMT" time="209.351" errors="0">
  <testcase name="testLogin" time="150.396" classname="testcases.LoginPageTest"/>
  <testcase name="testLoginWithInvalidUser" time="58.955" classname="testcases.LoginPageTest"/>
</testsuite> <!-- testcases.LoginPageTest -->
