<?xml version="1.0" encoding="UTF-8"?>
<!-- Generated by org.testng.reporters.JUnitReportReporter -->
<testsuite skipped="0" hostname="Matti-PC" name="testcases.TestAlert" tests="1" failures="0" timestamp="10 May 2019 03:48:41 GMT" time="176.677" errors="0">
  <testcase name="testClickForJSConfirm" time="176.677" classname="testcases.TestAlert"/>
</testsuite> <!-- testcases.TestAlert -->
