<?xml version="1.0" encoding="UTF-8"?>
<!-- Generated by org.testng.reporters.JUnitReportReporter -->
<testsuite skipped="0" hostname="Matti-PC" name="testcases.CheckboxPageTest" tests="1" failures="0" timestamp="10 May 2019 16:16:23 GMT" time="287.417" errors="0">
  <testcase name="testToSelectAllCheckboxes" time="287.417" classname="testcases.CheckboxPageTest"/>
</testsuite> <!-- testcases.CheckboxPageTest -->
