<?xml version="1.0" encoding="UTF-8"?>
<!-- Generated by org.testng.reporters.JUnitReportReporter -->
<testsuite skipped="0" hostname="Matti-PC" name="testcases.InfiniteScrollPageTest" tests="1" failures="0" timestamp="10 May 2019 16:25:32 GMT" time="79.223" errors="0">
  <testcase name="testFrame" time="79.223" classname="testcases.InfiniteScrollPageTest"/>
</testsuite> <!-- testcases.InfiniteScrollPageTest -->
