<?xml version="1.0" encoding="UTF-8"?>
<!-- Generated by org.testng.reporters.JUnitReportReporter -->
<testsuite skipped="0" hostname="Matti-PC" name="testcases.ChallengingPageTest" tests="1" failures="0" timestamp="10 May 2019 15:32:01 GMT" time="9.058" errors="0">
  <testcase name="testChallengingPage" time="9.058" classname="testcases.ChallengingPageTest"/>
</testsuite> <!-- testcases.ChallengingPageTest -->
